<?xml version="1.0" encoding="UTF-8"?>
<!-- Generated by org.testng.reporters.JUnitXMLReporter -->
<testsuite hostname="Josephs-MacBoo.local" ignored="0" name="Beamsity App Test Cases" tests="3" failures="1" timestamp="2021-01-30T16:23:56 WAT" time="58.605" errors="0">
  <testcase name="verifyHomePageTitleTest" time="0.047" classname="com.fbistech.testcases.HomePageTest">
    <failure type="java.lang.AssertionError" message="expected [Beamsity Page Not Found] but found [Beamsity]">
      <![CDATA[java.lang.AssertionError: expected [Beamsity Page Not Found] but found [Beamsity]
at com.fbistech.testcases.HomePageTest.verifyHomePageTitleTest(HomePageTest.java:67)
at java.util.ArrayList.forEach(ArrayList.java:1257)
... Removed 32 stack frames]]>
    </failure>
  </testcase> <!-- verifyHomePageTitleTest -->
  <testcase name="verifyUserCanClickOnCoursesLink" time="0.186" classname="com.fbistech.testcases.HomePageTest"/>
  <testcase name="verifyUserCanClickOnSubcribeLink" time="0.224" classname="com.fbistech.testcases.HomePageTest"/>
</testsuite> <!-- Beamsity App Test Cases -->
