<?xml version="1.0" encoding="UTF-8"?>
<testng-results skipped="0" failed="0" ignored="0" total="1" passed="1">
  <reporter-output>
  </reporter-output>
  <suite name="Default suite" duration-ms="27137" started-at="2021-10-12T08:48:39 WAT" finished-at="2021-10-12T08:49:06 WAT">
    <groups>
    </groups>
    <test name="Default test" duration-ms="27137" started-at="2021-10-12T08:48:39 WAT" finished-at="2021-10-12T08:49:06 WAT">
      <class name="com.fbistech.testcases.HomePageTest">
        <test-method status="PASS" signature="setUp()[pri:0, instance:com.fbistech.testcases.HomePageTest@8646db9]" name="setUp" is-config="true" duration-ms="15732" started-at="2021-10-12T08:48:39 WAT" finished-at="2021-10-12T08:48:55 WAT">
          <reporter-output>
          </reporter-output>
        </test-method> <!-- setUp -->
        <test-method status="PASS" signature="verifyUserCanClickOnContactUsLinks()[pri:4, instance:com.fbistech.testcases.HomePageTest@8646db9]" name="verifyUserCanClickOnContactUsLinks" duration-ms="6279" started-at="2021-10-12T08:48:55 WAT" finished-at="2021-10-12T08:49:01 WAT">
          <reporter-output>
          </reporter-output>
        </test-method> <!-- verifyUserCanClickOnContactUsLinks -->
        <test-method status="PASS" signature="teardown()[pri:0, instance:com.fbistech.testcases.HomePageTest@8646db9]" name="teardown" is-config="true" duration-ms="5092" started-at="2021-10-12T08:49:01 WAT" finished-at="2021-10-12T08:49:06 WAT">
          <reporter-output>
          </reporter-output>
        </test-method> <!-- teardown -->
      </class> <!-- com.fbistech.testcases.HomePageTest -->
    </test> <!-- Default test -->
  </suite> <!-- Default suite -->
</testng-results>
